<?xml version="1.0"?>
<checkstyle><file name="modules/contrib/create_user_permission/tests/src/FunctionalJavascript/CanNotifyTest.php"><error line="12" message="Class Drupal\Tests\create_user_permission\FunctionalJavascript\CanNotifyTest extends deprecated class Drupal\FunctionalJavascriptTests\JavascriptTestBase. Deprecated in drupal:8.6.0 and is removed from drupal:9.0.0.&#10;Use \Drupal\FunctionalJavascriptTests\WebDriverTestBase instead" severity="error"/></file><file name="modules/contrib/create_user_permission/tests/src/FunctionalJavascript/PermissionTest.php"><error line="12" message="Class Drupal\Tests\create_user_permission\FunctionalJavascript\PermissionTest extends deprecated class Drupal\FunctionalJavascriptTests\JavascriptTestBase. Deprecated in drupal:8.6.0 and is removed from drupal:9.0.0.&#10;Use \Drupal\FunctionalJavascriptTests\WebDriverTestBase instead" severity="error"/></file><file name="modules/contrib/create_user_permission/tests/src/FunctionalJavascript/RegistrationTest.php"><error line="" message="Class Drupal\Tests\create_user_permission\Functional\RegistrationTest was not found while trying to analyse it - autoloading is probably not configured properly." severity="error"/></file><file name="modules/contrib/create_user_permission/create_user_permission.info.yml"><error line="0" message="Add &lt;code&gt;core_version_requirement: ^8 || ^9&lt;/code&gt; to create_user_permission.info.yml to designate that the module is compatible with Drupal 9. See https://www.drupal.org/node/3070687." severity="error"/></file></checkstyle>

