<?xml version="1.0"?>
<checkstyle><file name="modules/contrib/encrypt_content_client/encrypt_content_client.module"><error line="62" message="Call to deprecated method entityManager() of class Drupal. Deprecated in drupal:8.0.0 and is removed from drupal:9.0.0.&#10;Use \Drupal::entityTypeManager() instead in most cases. If the needed&#10;method is not on \Drupal\Core\Entity\EntityTypeManagerInterface, see the&#10;deprecated \Drupal\Core\Entity\EntityManager to find the&#10;correct interface or service." severity="error"/></file><file name="modules/contrib/encrypt_content_client/src/Form/UpdateClientEncryptionPolicyForm.php"><error line="45" message="Call to deprecated method entityManager() of class Drupal. Deprecated in drupal:8.0.0 and is removed from drupal:9.0.0.&#10;Use \Drupal::entityTypeManager() instead in most cases. If the needed&#10;method is not on \Drupal\Core\Entity\EntityTypeManagerInterface, see the&#10;deprecated \Drupal\Core\Entity\EntityManager to find the&#10;correct interface or service." severity="error"/></file><file name="modules/contrib/encrypt_content_client/tests/src/FunctionalJavascript/EccKeysGenerationTest.php"><error line="13" message="Class Drupal\Tests\encrypt_content_client\FunctionalJavascript\EccKeysGenerationTest extends deprecated class Drupal\FunctionalJavascriptTests\JavascriptTestBase. Deprecated in drupal:8.6.0 and is removed from drupal:9.0.0.&#10;Use \Drupal\FunctionalJavascriptTests\WebDriverTestBase instead" severity="error"/></file><file name="modules/contrib/encrypt_content_client/tests/src/FunctionalJavascript/EncryptionPolicyTest.php"><error line="13" message="Class Drupal\Tests\encrypt_content_client\FunctionalJavascript\EncryptionPolicyTest extends deprecated class Drupal\FunctionalJavascriptTests\JavascriptTestBase. Deprecated in drupal:8.6.0 and is removed from drupal:9.0.0.&#10;Use \Drupal\FunctionalJavascriptTests\WebDriverTestBase instead" severity="error"/></file><file name="modules/contrib/encrypt_content_client/tests/src/FunctionalJavascript/NodeEncryptionTest.php"><error line="40" message="Syntax error, unexpected '[', expecting T_VARIABLE on line 40" severity="error"/><error line="49" message="Syntax error, unexpected '/' on line 49" severity="error"/><error line="54" message="Syntax error, unexpected '[', expecting T_VARIABLE on line 54" severity="error"/><error line="56" message="Syntax error, unexpected ';', expecting ')' on line 56" severity="error"/><error line="62" message="Syntax error, unexpected '/' on line 62" severity="error"/></file><file name="modules/contrib/encrypt_content_client/encrypt_content_client.info.yml"><error line="0" message="Add &lt;code&gt;core_version_requirement: ^8 || ^9&lt;/code&gt; to encrypt_content_client.info.yml to designate that the module is compatible with Drupal 9. See https://www.drupal.org/node/3070687." severity="error"/></file></checkstyle>

