<?xml version="1.0"?>
<checkstyle><file name="modules/contrib/entity_browser/modules/entity_form/src/Tests/InlineEntityIntegrationTest.php"><error line="" message="Class PHPUnit\Framework\TestCase not found and could not be autoloaded." severity="error"/><error line="12" message="Class PHPUnit\Framework\TestCase not found and could not be autoloaded." severity="error"/></file><file name="modules/contrib/entity_browser/modules/entity_form/tests/src/FunctionalJavascript/EntityFormWidgetTest.php"><error line="" message="Class PHPUnit\Framework\TestCase not found and could not be autoloaded." severity="error"/><error line="15" message="Class PHPUnit\Framework\TestCase not found and could not be autoloaded." severity="error"/></file><file name="modules/contrib/entity_browser/modules/example/tests/src/FunctionalJavascript/EntityBrowserExampleTest.php"><error line="" message="Class PHPUnit\Framework\TestCase not found and could not be autoloaded." severity="error"/><error line="12" message="Class PHPUnit\Framework\TestCase not found and could not be autoloaded." severity="error"/></file><file name="modules/contrib/entity_browser/tests/src/Functional/ConfigAccessTest.php"><error line="" message="Class PHPUnit\Framework\TestCase not found and could not be autoloaded." severity="error"/><error line="14" message="Class PHPUnit\Framework\TestCase not found and could not be autoloaded." severity="error"/></file><file name="modules/contrib/entity_browser/tests/src/Functional/EntityBrowserUITest.php"><error line="" message="Class PHPUnit\Framework\TestCase not found and could not be autoloaded." severity="error"/><error line="14" message="Class PHPUnit\Framework\TestCase not found and could not be autoloaded." severity="error"/></file><file name="modules/contrib/entity_browser/tests/src/Functional/EntityBrowserUpdateHookTest.php"><error line="" message="Class PHPUnit\Framework\TestCase not found and could not be autoloaded." severity="error"/><error line="12" message="Class PHPUnit\Framework\TestCase not found and could not be autoloaded." severity="error"/></file><file name="modules/contrib/entity_browser/tests/src/Functional/FormElementTest.php"><error line="" message="Class PHPUnit\Framework\TestCase not found and could not be autoloaded." severity="error"/><error line="13" message="Class PHPUnit\Framework\TestCase not found and could not be autoloaded." severity="error"/></file><file name="modules/contrib/entity_browser/tests/src/FunctionalJavascript/CardinalityTest.php"><error line="" message="Class PHPUnit\Framework\TestCase not found and could not be autoloaded." severity="error"/><error line="16" message="Class PHPUnit\Framework\TestCase not found and could not be autoloaded." severity="error"/></file><file name="modules/contrib/entity_browser/tests/src/FunctionalJavascript/ConfigurationTest.php"><error line="" message="Class PHPUnit\Framework\TestCase not found and could not be autoloaded." severity="error"/><error line="15" message="Class PHPUnit\Framework\TestCase not found and could not be autoloaded." severity="error"/></file><file name="modules/contrib/entity_browser/tests/src/FunctionalJavascript/EntityBrowserJavascriptTestBase.php"><error line="" message="Class PHPUnit\Framework\TestCase not found and could not be autoloaded." severity="error"/><error line="22" message="Class PHPUnit\Framework\TestCase not found and could not be autoloaded." severity="error"/></file><file name="modules/contrib/entity_browser/tests/src/FunctionalJavascript/EntityBrowserTest.php"><error line="" message="Class PHPUnit\Framework\TestCase not found and could not be autoloaded." severity="error"/><error line="10" message="Class PHPUnit\Framework\TestCase not found and could not be autoloaded." severity="error"/></file><file name="modules/contrib/entity_browser/tests/src/FunctionalJavascript/EntityBrowserViewsWidgetTest.php"><error line="" message="Class PHPUnit\Framework\TestCase not found and could not be autoloaded." severity="error"/><error line="17" message="Class PHPUnit\Framework\TestCase not found and could not be autoloaded." severity="error"/></file><file name="modules/contrib/entity_browser/tests/src/FunctionalJavascript/EntityBrowserWebDriverTestBase.php"><error line="" message="Class PHPUnit\Framework\TestCase not found and could not be autoloaded." severity="error"/><error line="19" message="Class PHPUnit\Framework\TestCase not found and could not be autoloaded." severity="error"/></file><file name="modules/contrib/entity_browser/tests/src/FunctionalJavascript/EntityEmbedTest.php"><error line="" message="Class PHPUnit\Framework\TestCase not found and could not be autoloaded." severity="error"/><error line="14" message="Class PHPUnit\Framework\TestCase not found and could not be autoloaded." severity="error"/></file><file name="modules/contrib/entity_browser/tests/src/FunctionalJavascript/EntityQueueTest.php"><error line="" message="Class PHPUnit\Framework\TestCase not found and could not be autoloaded." severity="error"/><error line="15" message="Class PHPUnit\Framework\TestCase not found and could not be autoloaded." severity="error"/></file><file name="modules/contrib/entity_browser/tests/src/FunctionalJavascript/EntityReferenceWidgetTest.php"><error line="" message="Class PHPUnit\Framework\TestCase not found and could not be autoloaded." severity="error"/><error line="17" message="Class PHPUnit\Framework\TestCase not found and could not be autoloaded." severity="error"/></file><file name="modules/contrib/entity_browser/tests/src/FunctionalJavascript/FieldWidgetConfigTest.php"><error line="" message="Class PHPUnit\Framework\TestCase not found and could not be autoloaded." severity="error"/><error line="19" message="Class PHPUnit\Framework\TestCase not found and could not be autoloaded." severity="error"/></file><file name="modules/contrib/entity_browser/tests/src/FunctionalJavascript/ImageFieldTest.php"><error line="" message="Class PHPUnit\Framework\TestCase not found and could not be autoloaded." severity="error"/><error line="18" message="Class PHPUnit\Framework\TestCase not found and could not be autoloaded." severity="error"/></file><file name="modules/contrib/entity_browser/tests/src/FunctionalJavascript/InlineEntityFormTest.php"><error line="" message="Class PHPUnit\Framework\TestCase not found and could not be autoloaded." severity="error"/><error line="12" message="Class PHPUnit\Framework\TestCase not found and could not be autoloaded." severity="error"/></file><file name="modules/contrib/entity_browser/tests/src/FunctionalJavascript/MultiStepSelectionDisplayTest.php"><error line="" message="Class PHPUnit\Framework\TestCase not found and could not be autoloaded." severity="error"/><error line="14" message="Class PHPUnit\Framework\TestCase not found and could not be autoloaded." severity="error"/></file><file name="modules/contrib/entity_browser/tests/src/FunctionalJavascript/PagerElementTest.php"><error line="" message="Class PHPUnit\Framework\TestCase not found and could not be autoloaded." severity="error"/><error line="14" message="Class PHPUnit\Framework\TestCase not found and could not be autoloaded." severity="error"/></file><file name="modules/contrib/entity_browser/tests/src/FunctionalJavascript/ParagraphsTest.php"><error line="" message="Class PHPUnit\Framework\TestCase not found and could not be autoloaded." severity="error"/><error line="10" message="Class PHPUnit\Framework\TestCase not found and could not be autoloaded." severity="error"/></file><file name="modules/contrib/entity_browser/tests/src/FunctionalJavascript/PluginsTest.php"><error line="" message="Class PHPUnit\Framework\TestCase not found and could not be autoloaded." severity="error"/><error line="12" message="Class PHPUnit\Framework\TestCase not found and could not be autoloaded." severity="error"/></file><file name="modules/contrib/entity_browser/tests/src/FunctionalJavascript/UploadWidgetTest.php"><error line="" message="Class PHPUnit\Framework\TestCase not found and could not be autoloaded." severity="error"/><error line="12" message="Class PHPUnit\Framework\TestCase not found and could not be autoloaded." severity="error"/></file><file name="modules/contrib/entity_browser/tests/src/Kernel/Extension/EntityBrowserTest.php"><error line="" message="Class PHPUnit\Framework\TestCase not found and could not be autoloaded." severity="error"/><error line="23" message="Class PHPUnit\Framework\TestCase not found and could not be autoloaded." severity="error"/></file><file name="modules/contrib/entity_browser/tests/src/Kernel/Plugin/FieldWidgetDisplayTest.php"><error line="" message="Class PHPUnit\Framework\TestCase not found and could not be autoloaded." severity="error"/><error line="12" message="Class PHPUnit\Framework\TestCase not found and could not be autoloaded." severity="error"/></file><file name="modules/contrib/entity_browser/entity_browser.libraries.yml"><error line="0" message="The 'entity_reference' library is depending on a deprecated library. The &quot;core/jquery.ui.sortable&quot; asset library is deprecated in drupal:8.8.0 and is removed from drupal:9.0.0. See https://www.drupal.org/node/3084730" severity="error"/><error line="0" message="The 'multi_step_display' library is depending on a deprecated library. The &quot;core/jquery.ui.sortable&quot; asset library is deprecated in drupal:8.8.0 and is removed from drupal:9.0.0. See https://www.drupal.org/node/3084730" severity="error"/></file></checkstyle>

