<?xml version="1.0"?>
<checkstyle><file name="modules/contrib/fortytwo_admin_toolbar/tests/src/Functional/FortyTwoAdminToolbarTest.php"><error line="13" message="Class Drupal\Tests\fortytwo_admin_toolbar\Functional\FortyTwoAdminToolbarTest extends deprecated class Drupal\FunctionalJavascriptTests\JavascriptTestBase. Deprecated in drupal:8.6.0 and is removed from drupal:9.0.0.&#10;Use \Drupal\FunctionalJavascriptTests\WebDriverTestBase instead" severity="error"/><error line="30" message="Call to method setUp() of deprecated class Drupal\Tests\BrowserTestBase. Deprecated in drupal:8.6.0 and is removed from drupal:9.0.0.&#10;Use \Drupal\FunctionalJavascriptTests\WebDriverTestBase instead" severity="error"/></file><file name="modules/contrib/fortytwo_admin_toolbar/fortytwo_admin_toolbar.info.yml"><error line="0" message="Add &lt;code&gt;core_version_requirement: ^8 || ^9&lt;/code&gt; to fortytwo_admin_toolbar.info.yml to designate that the module is compatible with Drupal 9. See https://www.drupal.org/node/3070687." severity="error"/></file></checkstyle>

