<?xml version="1.0"?>
<checkstyle><file name="modules/contrib/jqcloud/tests/modules/jqcloud_library_test/jqcloud_library_test.install"><error line="27" message="Call to deprecated function file_prepare_directory(). Deprecated in drupal:8.7.0 and is removed from drupal:9.0.0.&#10;Use \Drupal\Core\File\FileSystemInterface::prepareDirectory()." severity="error"/><error line="29" message="Call to deprecated constant FILE_CREATE_DIRECTORY: Deprecated in drupal:8.7.0 and is removed from drupal:9.0.0. Use \Drupal\Core\File\FileSystemInterface::CREATE_DIRECTORY." severity="error"/><error line="29" message="Call to deprecated constant FILE_MODIFY_PERMISSIONS: Deprecated in drupal:8.7.0 and is removed from drupal:9.0.0. Use \Drupal\Core\File\FileSystemInterface::MODIFY_PERMISSIONS." severity="error"/></file><file name="modules/contrib/jqcloud/tests/src/FunctionalJavascript/JqcloudJavascriptTest.php"><error line="19" message="Class Drupal\Tests\jqcloud\FunctionalJavascript\JqcloudJavascriptTest extends deprecated class Drupal\FunctionalJavascriptTests\JavascriptTestBase. Deprecated in drupal:8.6.0 and is removed from drupal:9.0.0.&#10;Use \Drupal\FunctionalJavascriptTests\WebDriverTestBase instead" severity="error"/><error line="23" message="Usage of deprecated trait Drupal\Tests\taxonomy\Functional\TaxonomyTestTrait in class Drupal\Tests\jqcloud\FunctionalJavascript\JqcloudJavascriptTest. Deprecated in drupal:8.8.0 and is removed from drupal:9.0.0.&#10;Use \Drupal\Tests\taxonomy\Traits\TaxonomyTestTrait instead." severity="warning"/><error line="24" message="Usage of deprecated trait Drupal\field\Tests\EntityReference\EntityReferenceTestTrait in class Drupal\Tests\jqcloud\FunctionalJavascript\JqcloudJavascriptTest. Deprecated in drupal:8.6.2 and is removed from drupal:9.0.0. Use&#10;Drupal\Tests\field\Traits\EntityReferenceTestTrait instead." severity="error"/><error line="84" message="Call to method setUp() of deprecated class Drupal\Tests\BrowserTestBase. Deprecated in drupal:8.6.0 and is removed from drupal:9.0.0.&#10;Use \Drupal\FunctionalJavascriptTests\WebDriverTestBase instead" severity="error"/><error line="93" message="Call to deprecated method strtolower() of class Drupal\Component\Utility\Unicode. Deprecated in drupal:8.6.0 and is removed from drupal:9.0.0. Use&#10;mb_strtolower() instead." severity="error"/><error line="115" message="Call to deprecated method strtolower() of class Drupal\Component\Utility\Unicode. Deprecated in drupal:8.6.0 and is removed from drupal:9.0.0. Use&#10;mb_strtolower() instead." severity="error"/></file><file name="modules/contrib/jqcloud/jqcloud.info.yml"><error line="0" message="Add &lt;code&gt;core_version_requirement: ^8 || ^9&lt;/code&gt; to jqcloud.info.yml to designate that the module is compatible with Drupal 9. See https://www.drupal.org/node/3070687." severity="error"/></file></checkstyle>

