<?xml version="1.0"?>
<checkstyle><file name="modules/contrib/listjs/tests/src/FunctionalJavascript/ListjsMultiWidgetTest.php"><error line="15" message="Class Drupal\Tests\listjs\FunctionalJavascript\ListjsMultiWidgetTest extends deprecated class Drupal\FunctionalJavascriptTests\JavascriptTestBase. Deprecated in drupal:8.6.0 and is removed from drupal:9.0.0.&#10;Use \Drupal\FunctionalJavascriptTests\WebDriverTestBase instead" severity="error"/><error line="17" message="Usage of deprecated trait Drupal\simpletest\NodeCreationTrait in class Drupal\Tests\listjs\FunctionalJavascript\ListjsMultiWidgetTest. Deprecated in drupal:8.4.0 and is removed from drupal:9.0.0. Use&#10;\Drupal\Tests\node\Traits\NodeCreationTrait instead." severity="error"/><error line="97" message="Call to method setUp() of deprecated class Drupal\Tests\BrowserTestBase. Deprecated in drupal:8.6.0 and is removed from drupal:9.0.0.&#10;Use \Drupal\FunctionalJavascriptTests\WebDriverTestBase instead" severity="error"/></file><file name="modules/contrib/listjs/tests/src/FunctionalJavascript/ListjsThemeTest.php"><error line="14" message="Class Drupal\Tests\listjs\FunctionalJavascript\ListjsThemeTest extends deprecated class Drupal\FunctionalJavascriptTests\JavascriptTestBase. Deprecated in drupal:8.6.0 and is removed from drupal:9.0.0.&#10;Use \Drupal\FunctionalJavascriptTests\WebDriverTestBase instead" severity="error"/></file><file name="modules/contrib/listjs/tests/src/FunctionalJavascript/ListjsViewsTest.php"><error line="15" message="Class Drupal\Tests\listjs\FunctionalJavascript\ListjsViewsTest extends deprecated class Drupal\FunctionalJavascriptTests\JavascriptTestBase. Deprecated in drupal:8.6.0 and is removed from drupal:9.0.0.&#10;Use \Drupal\FunctionalJavascriptTests\WebDriverTestBase instead" severity="error"/><error line="17" message="Usage of deprecated trait Drupal\simpletest\NodeCreationTrait in class Drupal\Tests\listjs\FunctionalJavascript\ListjsViewsTest. Deprecated in drupal:8.4.0 and is removed from drupal:9.0.0. Use&#10;\Drupal\Tests\node\Traits\NodeCreationTrait instead." severity="error"/><error line="92" message="Call to method setUp() of deprecated class Drupal\Tests\BrowserTestBase. Deprecated in drupal:8.6.0 and is removed from drupal:9.0.0.&#10;Use \Drupal\FunctionalJavascriptTests\WebDriverTestBase instead" severity="error"/></file><file name="modules/contrib/listjs/listjs.info.yml"><error line="0" message="Add &lt;code&gt;core_version_requirement: ^8 || ^9&lt;/code&gt; to listjs.info.yml to designate that the module is compatible with Drupal 9. See https://www.drupal.org/node/3070687." severity="error"/></file><file name="modules/contrib/listjs/composer.json"><error line="0" message="The drupal/core requirement is not Drupal 9 compatible. Having a composer.json is not a requirement for Drupal 9 compatibility but if there is one, it should include a drupal/core requirement compatible with Drupal 9." severity="error"/></file></checkstyle>

